  ConvertUTF.c
  buffer.c
  hde32.c
  hde64.c
  hook.c
  trampoline.c
  Discord.cpp
  connection_win.cpp
  discord_register_win.cpp
  discord_rpc.cpp
  rpc_connection.cpp
  serialization.cpp
  dllmain.cpp
  imgui.cpp
  imgui_draw.cpp
  imgui_impl_dx11.cpp
  imgui_impl_win32.cpp
  imgui_stdlib.cpp
  imgui_widgets.cpp
C:\Users\toor\Desktop\Geonew-source-main\DxDLLRender\il2cpp.hpp(135,97): error C2440: аргумент по умолчанию: невозможно преобразовать "const char [1]" в "char *" (компилируется исходный файл dllmain.cpp)
C:\Users\toor\Desktop\Geonew-source-main\DxDLLRender\il2cpp.hpp(135,97): message : При преобразовании из строкового литерала теряется квалификатор (см. /Zc:strictStrings) (компилируется исходный файл dllmain.cpp)
C:\Users\toor\Desktop\Geonew-source-main\DxDLLRender\il2cpp.hpp(166,170): error C2440: аргумент по умолчанию: невозможно преобразовать "const char [1]" в "char *" (компилируется исходный файл dllmain.cpp)
C:\Users\toor\Desktop\Geonew-source-main\DxDLLRender\il2cpp.hpp(166,170): message : При преобразовании из строкового литерала теряется квалификатор (см. /Zc:strictStrings) (компилируется исходный файл dllmain.cpp)
C:\Users\toor\Desktop\Geonew-source-main\DxDLLRender\il2cpp.hpp(216,59): error C2664: "uintptr_t il2cpp::method(const char *,const char *,int,char *,const char *,int)": невозможно преобразовать аргумент 4 из "const char [1]" в "char *" (компилируется исходный файл dllmain.cpp)
C:\Users\toor\Desktop\Geonew-source-main\DxDLLRender\il2cpp.hpp(216,100): message : При преобразовании из строкового литерала теряется квалификатор (см. /Zc:strictStrings) (компилируется исходный файл dllmain.cpp)
C:\Users\toor\Desktop\Geonew-source-main\DxDLLRender\il2cpp.hpp(135,12): message : см. объявление "il2cpp::method" (компилируется исходный файл dllmain.cpp)
C:\Users\toor\Desktop\Geonew-source-main\DxDLLRender\il2cpp.hpp(216,59): message : при попытке сопоставить список аргументов "(const char *, const char *, int, const char [1], const char *)" (компилируется исходный файл dllmain.cpp)
C:\Users\toor\Desktop\Geonew-source-main\DxDLLRender\sdk\sdk.h(308,55): error C7664: ">": упорядоченное сравнение указателя и целочисленного нуля ("uint64_t *" и "int") (компилируется исходный файл dllmain.cpp)
C:\Users\toor\Desktop\Geonew-source-main\DxDLLRender\sdk\sdk.h(483,122): error C2664: "uintptr_t il2cpp::method(const char *,const char *,int,char *,const char *,int)": невозможно преобразовать аргумент 4 из "const char [1]" в "char *" (компилируется исходный файл dllmain.cpp)
C:\Users\toor\Desktop\Geonew-source-main\DxDLLRender\sdk\sdk.h(483,174): message : При преобразовании из строкового литерала теряется квалификатор (см. /Zc:strictStrings) (компилируется исходный файл dllmain.cpp)
C:\Users\toor\Desktop\Geonew-source-main\DxDLLRender\il2cpp.hpp(135,12): message : см. объявление "il2cpp::method" (компилируется исходный файл dllmain.cpp)
C:\Users\toor\Desktop\Geonew-source-main\DxDLLRender\sdk\sdk.h(483,122): message : при попытке сопоставить список аргументов "(const char [17], const char [14], int, const char [1], const char [1])" (компилируется исходный файл dllmain.cpp)
C:\Users\toor\Desktop\Geonew-source-main\DxDLLRender\sdk\sdk.h(484,108): error C2664: "uintptr_t il2cpp::method(const char *,const char *,int,char *,const char *,int)": невозможно преобразовать аргумент 4 из "const char [1]" в "char *" (компилируется исходный файл dllmain.cpp)
C:\Users\toor\Desktop\Geonew-source-main\DxDLLRender\sdk\sdk.h(484,151): message : При преобразовании из строкового литерала теряется квалификатор (см. /Zc:strictStrings) (компилируется исходный файл dllmain.cpp)
  pattern.cpp
C:\Users\toor\Desktop\Geonew-source-main\DxDLLRender\il2cpp.hpp(135,12): message : см. объявление "il2cpp::method" (компилируется исходный файл dllmain.cpp)
C:\Users\toor\Desktop\Geonew-source-main\DxDLLRender\sdk\sdk.h(484,108): message : при попытке сопоставить список аргументов "(const char [9], const char [13], int, const char [1], const char [12])" (компилируется исходный файл dllmain.cpp)
C:\Users\toor\Desktop\Geonew-source-main\DxDLLRender\sdk\sdk.h(485,112): error C2664: "uintptr_t il2cpp::method(const char *,const char *,int,char *,const char *,int)": невозможно преобразовать аргумент 4 из "const char [1]" в "char *" (компилируется исходный файл dllmain.cpp)
C:\Users\toor\Desktop\Geonew-source-main\DxDLLRender\sdk\sdk.h(485,145): message : При преобразовании из строкового литерала теряется квалификатор (см. /Zc:strictStrings) (компилируется исходный файл dllmain.cpp)
C:\Users\toor\Desktop\Geonew-source-main\DxDLLRender\il2cpp.hpp(135,12): message : см. объявление "il2cpp::method" (компилируется исходный файл dllmain.cpp)
C:\Users\toor\Desktop\Geonew-source-main\DxDLLRender\sdk\sdk.h(485,112): message : при попытке сопоставить список аргументов "(const char [7], const char [5], int, const char [1], const char [12])" (компилируется исходный файл dllmain.cpp)
C:\Users\toor\Desktop\Geonew-source-main\DxDLLRender\sdk\sdk.h(486,145): error C2664: "uintptr_t il2cpp::method(const char *,const char *,int,char *,const char *,int)": невозможно преобразовать аргумент 4 из "const char [1]" в "char *" (компилируется исходный файл dllmain.cpp)
C:\Users\toor\Desktop\Geonew-source-main\DxDLLRender\sdk\sdk.h(486,182): message : При преобразовании из строкового литерала теряется квалификатор (см. /Zc:strictStrings) (компилируется исходный файл dllmain.cpp)
C:\Users\toor\Desktop\Geonew-source-main\DxDLLRender\il2cpp.hpp(135,12): message : см. объявление "il2cpp::method" (компилируется исходный файл dllmain.cpp)
C:\Users\toor\Desktop\Geonew-source-main\DxDLLRender\sdk\sdk.h(486,145): message : при попытке сопоставить список аргументов "(const char [9], const char [7], int, const char [1], const char [12])" (компилируется исходный файл dllmain.cpp)
C:\Users\toor\Desktop\Geonew-source-main\DxDLLRender\sdk\sdk.h(487,147): error C2664: "uintptr_t il2cpp::method(const char *,const char *,int,char *,const char *,int)": невозможно преобразовать аргумент 4 из "const char [1]" в "char *" (компилируется исходный файл dllmain.cpp)
C:\Users\toor\Desktop\Geonew-source-main\DxDLLRender\sdk\sdk.h(487,186): message : При преобразовании из строкового литерала теряется квалификатор (см. /Zc:strictStrings) (компилируется исходный файл dllmain.cpp)
C:\Users\toor\Desktop\Geonew-source-main\DxDLLRender\il2cpp.hpp(135,12): message : см. объявление "il2cpp::method" (компилируется исходный файл dllmain.cpp)
C:\Users\toor\Desktop\Geonew-source-main\DxDLLRender\sdk\sdk.h(487,147): message : при попытке сопоставить список аргументов "(const char [9], const char [9], int, const char [1], const char [12])" (компилируется исходный файл dllmain.cpp)
C:\Users\toor\Desktop\Geonew-source-main\DxDLLRender\hooks.hpp(663,47): error C2664: "bool m_strcmp(char *,char *)": невозможно преобразовать аргумент 2 из "const char [10]" в "char *" (компилируется исходный файл dllmain.cpp)
C:\Users\toor\Desktop\Geonew-source-main\DxDLLRender\hooks.hpp(663,68): message : При преобразовании из строкового литерала теряется квалификатор (см. /Zc:strictStrings) (компилируется исходный файл dllmain.cpp)
C:\Users\toor\Desktop\Geonew-source-main\DxDLLRender\crt.h(57,6): message : см. объявление "m_strcmp" (компилируется исходный файл dllmain.cpp)
C:\Users\toor\Desktop\Geonew-source-main\DxDLLRender\hooks.hpp(663,47): message : при попытке сопоставить список аргументов "(char *, const char [10])" (компилируется исходный файл dllmain.cpp)
C:\Users\toor\Desktop\Geonew-source-main\DxDLLRender\hooks.hpp(663,85): error C2664: "bool m_strcmp(char *,char *)": невозможно преобразовать аргумент 2 из "const char [11]" в "char *" (компилируется исходный файл dllmain.cpp)
C:\Users\toor\Desktop\Geonew-source-main\DxDLLRender\hooks.hpp(663,106): message : При преобразовании из строкового литерала теряется квалификатор (см. /Zc:strictStrings) (компилируется исходный файл dllmain.cpp)
C:\Users\toor\Desktop\Geonew-source-main\DxDLLRender\crt.h(57,6): message : см. объявление "m_strcmp" (компилируется исходный файл dllmain.cpp)
C:\Users\toor\Desktop\Geonew-source-main\DxDLLRender\hooks.hpp(663,85): message : при попытке сопоставить список аргументов "(char *, const char [11])" (компилируется исходный файл dllmain.cpp)
C:\Users\toor\Desktop\Geonew-source-main\DxDLLRender\imgui_elements.h(93,27): error C2676: бинарный "+": "ImVec2" не определяет этот оператор или преобразование к типу приемлемо к встроенному оператору (компилируется исходный файл dllmain.cpp)
C:\Users\toor\Desktop\Geonew-source-main\DxDLLRender\imgui_elements.h(93,17): error C2665: "ImRect::ImRect": ни одна перегруженная функция не может преобразовать все типы аргументов (компилируется исходный файл dllmain.cpp)
C:\Users\toor\Desktop\Geonew-source-main\DxDLLRender\ImGUI\imgui_internal.h(696,1): message : может быть "ImRect::ImRect(ImRect &&)" (компилируется исходный файл dllmain.cpp)
C:\Users\toor\Desktop\Geonew-source-main\DxDLLRender\imgui_elements.h(93,17): message : "ImRect::ImRect(ImRect &&)": невозможно преобразовать аргумент 1 из "ImVec2" в "ImRect &&" (компилируется исходный файл dllmain.cpp)
C:\Users\toor\Desktop\Geonew-source-main\DxDLLRender\imgui_elements.h(93,18): message : Причина: невозможно преобразовать "ImVec2" в "ImRect" (компилируется исходный файл dllmain.cpp)
C:\Users\toor\Desktop\Geonew-source-main\DxDLLRender\imgui_elements.h(93,18): message : Для выполнения данного преобразования нет доступного оператора преобразования, определенного пользователем, или вызов оператора невозможен (компилируется исходный файл dllmain.cpp)
C:\Users\toor\Desktop\Geonew-source-main\DxDLLRender\ImGUI\imgui_internal.h(696,1): message : или       "ImRect::ImRect(const ImRect &)" (компилируется исходный файл dllmain.cpp)
C:\Users\toor\Desktop\Geonew-source-main\DxDLLRender\imgui_elements.h(93,17): message : "ImRect::ImRect(const ImRect &)": невозможно преобразовать аргумент 1 из "ImVec2" в "const ImRect &" (компилируется исходный файл dllmain.cpp)
C:\Users\toor\Desktop\Geonew-source-main\DxDLLRender\imgui_elements.h(93,18): message : Причина: невозможно преобразовать "ImVec2" в "const ImRect" (компилируется исходный файл dllmain.cpp)
C:\Users\toor\Desktop\Geonew-source-main\DxDLLRender\imgui_elements.h(93,18): message : Для выполнения данного преобразования нет доступного оператора преобразования, определенного пользователем, или вызов оператора невозможен (компилируется исходный файл dllmain.cpp)
C:\Users\toor\Desktop\Geonew-source-main\DxDLLRender\ImGUI\imgui_internal.h(671,5): message : или       "ImRect::ImRect(const ImVec4 &)" (компилируется исходный файл dllmain.cpp)
C:\Users\toor\Desktop\Geonew-source-main\DxDLLRender\imgui_elements.h(93,17): message : "ImRect::ImRect(const ImVec4 &)": невозможно преобразовать аргумент 1 из "ImVec2" в "const ImVec4 &" (компилируется исходный файл dllmain.cpp)
C:\Users\toor\Desktop\Geonew-source-main\DxDLLRender\imgui_elements.h(93,18): message : Причина: невозможно преобразовать "ImVec2" в "const ImVec4" (компилируется исходный файл dllmain.cpp)
C:\Users\toor\Desktop\Geonew-source-main\DxDLLRender\imgui_elements.h(93,18): message : Для выполнения данного преобразования нет доступного оператора преобразования, определенного пользователем, или вызов оператора невозможен (компилируется исходный файл dllmain.cpp)
C:\Users\toor\Desktop\Geonew-source-main\DxDLLRender\imgui_elements.h(93,17): message : при попытке сопоставить список аргументов "(ImVec2)" (компилируется исходный файл dllmain.cpp)
C:\Users\toor\Desktop\Geonew-source-main\DxDLLRender\RenderMenu.h(140,27): error C2676: бинарный "+": "ImVec2" не определяет этот оператор или преобразование к типу приемлемо к встроенному оператору (компилируется исходный файл dllmain.cpp)
C:\Users\toor\Desktop\Geonew-source-main\DxDLLRender\RenderMenu.h(140,17): error C2665: "ImRect::ImRect": ни одна перегруженная функция не может преобразовать все типы аргументов (компилируется исходный файл dllmain.cpp)
C:\Users\toor\Desktop\Geonew-source-main\DxDLLRender\ImGUI\imgui_internal.h(696,1): message : может быть "ImRect::ImRect(ImRect &&)" (компилируется исходный файл dllmain.cpp)
C:\Users\toor\Desktop\Geonew-source-main\DxDLLRender\RenderMenu.h(140,17): message : "ImRect::ImRect(ImRect &&)": невозможно преобразовать аргумент 1 из "ImVec2" в "ImRect &&" (компилируется исходный файл dllmain.cpp)
C:\Users\toor\Desktop\Geonew-source-main\DxDLLRender\RenderMenu.h(140,18): message : Причина: невозможно преобразовать "ImVec2" в "ImRect" (компилируется исходный файл dllmain.cpp)
C:\Users\toor\Desktop\Geonew-source-main\DxDLLRender\RenderMenu.h(140,18): message : Для выполнения данного преобразования нет доступного оператора преобразования, определенного пользователем, или вызов оператора невозможен (компилируется исходный файл dllmain.cpp)
C:\Users\toor\Desktop\Geonew-source-main\DxDLLRender\ImGUI\imgui_internal.h(696,1): message : или       "ImRect::ImRect(const ImRect &)" (компилируется исходный файл dllmain.cpp)
C:\Users\toor\Desktop\Geonew-source-main\DxDLLRender\RenderMenu.h(140,17): message : "ImRect::ImRect(const ImRect &)": невозможно преобразовать аргумент 1 из "ImVec2" в "const ImRect &" (компилируется исходный файл dllmain.cpp)
C:\Users\toor\Desktop\Geonew-source-main\DxDLLRender\RenderMenu.h(140,18): message : Причина: невозможно преобразовать "ImVec2" в "const ImRect" (компилируется исходный файл dllmain.cpp)
C:\Users\toor\Desktop\Geonew-source-main\DxDLLRender\RenderMenu.h(140,18): message : Для выполнения данного преобразования нет доступного оператора преобразования, определенного пользователем, или вызов оператора невозможен (компилируется исходный файл dllmain.cpp)
C:\Users\toor\Desktop\Geonew-source-main\DxDLLRender\ImGUI\imgui_internal.h(671,5): message : или       "ImRect::ImRect(const ImVec4 &)" (компилируется исходный файл dllmain.cpp)
C:\Users\toor\Desktop\Geonew-source-main\DxDLLRender\RenderMenu.h(140,17): message : "ImRect::ImRect(const ImVec4 &)": невозможно преобразовать аргумент 1 из "ImVec2" в "const ImVec4 &" (компилируется исходный файл dllmain.cpp)
C:\Users\toor\Desktop\Geonew-source-main\DxDLLRender\RenderMenu.h(140,18): message : Причина: невозможно преобразовать "ImVec2" в "const ImVec4" (компилируется исходный файл dllmain.cpp)
C:\Users\toor\Desktop\Geonew-source-main\DxDLLRender\RenderMenu.h(140,18): message : Для выполнения данного преобразования нет доступного оператора преобразования, определенного пользователем, или вызов оператора невозможен (компилируется исходный файл dllmain.cpp)
C:\Users\toor\Desktop\Geonew-source-main\DxDLLRender\RenderMenu.h(140,17): message : при попытке сопоставить список аргументов "(ImVec2)" (компилируется исходный файл dllmain.cpp)
C:\Users\toor\Desktop\Geonew-source-main\DxDLLRender\RenderMenu.h(165,35): error C2676: бинарный "+": "const ImVec2" не определяет этот оператор или преобразование к типу приемлемо к встроенному оператору (компилируется исходный файл dllmain.cpp)
C:\Users\toor\Desktop\Geonew-source-main\DxDLLRender\RenderMenu.h(165,68): error C2676: бинарный "-": "const ImVec2" не определяет этот оператор или преобразование к типу приемлемо к встроенному оператору (компилируется исходный файл dllmain.cpp)
C:\Users\toor\Desktop\Geonew-source-main\DxDLLRender\RenderMenu.h(165,18): error C2660: ImDrawList::AddLine: функция не принимает 2 аргументов (компилируется исходный файл dllmain.cpp)
C:\Users\toor\Desktop\Geonew-source-main\DxDLLRender\ImGUI\imgui.h(1959,21): message : см. объявление "ImDrawList::AddLine" (компилируется исходный файл dllmain.cpp)
C:\Users\toor\Desktop\Geonew-source-main\DxDLLRender\RenderMenu.h(165,18): message : при попытке сопоставить список аргументов "()" (компилируется исходный файл dllmain.cpp)
C:\Users\toor\Desktop\Geonew-source-main\DxDLLRender\RenderMenu.h(183,28): error C2676: бинарный "+": "const ImVec2" не определяет этот оператор или преобразование к типу приемлемо к встроенному оператору (компилируется исходный файл dllmain.cpp)
C:\Users\toor\Desktop\Geonew-source-main\DxDLLRender\RenderMenu.h(183,49): error C2676: бинарный "+": "const ImVec2" не определяет этот оператор или преобразование к типу приемлемо к встроенному оператору (компилируется исходный файл dllmain.cpp)
C:\Users\toor\Desktop\Geonew-source-main\DxDLLRender\RenderMenu.h(262,86): error C2676: бинарный "+": "ImVec2" не определяет этот оператор или преобразование к типу приемлемо к встроенному оператору (компилируется исходный файл dllmain.cpp)
C:\Users\toor\Desktop\Geonew-source-main\DxDLLRender\RenderMenu.h(262,25): error C2664: "void ImDrawList::AddRectFilled(const ImVec2 &,const ImVec2 &,ImU32,float,ImDrawCornerFlags)": невозможно преобразовать аргумент 2 из "ImColor" в "const ImVec2 &" (компилируется исходный файл dllmain.cpp)
C:\Users\toor\Desktop\Geonew-source-main\DxDLLRender\RenderMenu.h(262,105): message : Причина: невозможно преобразовать "ImColor" в "const ImVec2" (компилируется исходный файл dllmain.cpp)
C:\Users\toor\Desktop\Geonew-source-main\DxDLLRender\RenderMenu.h(262,105): message : Для выполнения данного преобразования нет доступного оператора преобразования, определенного пользователем, или вызов оператора невозможен (компилируется исходный файл dllmain.cpp)
C:\Users\toor\Desktop\Geonew-source-main\DxDLLRender\ImGUI\imgui.h(1961,21): message : см. объявление "ImDrawList::AddRectFilled" (компилируется исходный файл dllmain.cpp)
C:\Users\toor\Desktop\Geonew-source-main\DxDLLRender\RenderMenu.h(262,25): message : при попытке сопоставить список аргументов "(ImVec2, ImColor, int)" (компилируется исходный файл dllmain.cpp)
C:\Users\toor\Desktop\Geonew-source-main\DxDLLRender\RenderMenu.h(263,80): error C2676: бинарный "+": "ImVec2" не определяет этот оператор или преобразование к типу приемлемо к встроенному оператору (компилируется исходный файл dllmain.cpp)
C:\Users\toor\Desktop\Geonew-source-main\DxDLLRender\RenderMenu.h(263,25): error C2664: "void ImDrawList::AddRect(const ImVec2 &,const ImVec2 &,ImU32,float,ImDrawCornerFlags,float)": невозможно преобразовать аргумент 2 из "ImColor" в "const ImVec2 &" (компилируется исходный файл dllmain.cpp)
C:\Users\toor\Desktop\Geonew-source-main\DxDLLRender\RenderMenu.h(263,99): message : Причина: невозможно преобразовать "ImColor" в "const ImVec2" (компилируется исходный файл dllmain.cpp)
C:\Users\toor\Desktop\Geonew-source-main\DxDLLRender\RenderMenu.h(263,99): message : Для выполнения данного преобразования нет доступного оператора преобразования, определенного пользователем, или вызов оператора невозможен (компилируется исходный файл dllmain.cpp)
C:\Users\toor\Desktop\Geonew-source-main\DxDLLRender\ImGUI\imgui.h(1960,21): message : см. объявление "ImDrawList::AddRect" (компилируется исходный файл dllmain.cpp)
C:\Users\toor\Desktop\Geonew-source-main\DxDLLRender\RenderMenu.h(263,25): message : при попытке сопоставить список аргументов "(ImVec2, ImColor, int)" (компилируется исходный файл dllmain.cpp)
C:\Users\toor\Desktop\Geonew-source-main\DxDLLRender\RenderMenu.h(264,57): error C2676: бинарный "+": "ImVec2" не определяет этот оператор или преобразование к типу приемлемо к встроенному оператору (компилируется исходный файл dllmain.cpp)
C:\Users\toor\Desktop\Geonew-source-main\DxDLLRender\RenderMenu.h(264,95): error C2676: бинарный "+": "ImVec2" не определяет этот оператор или преобразование к типу приемлемо к встроенному оператору (компилируется исходный файл dllmain.cpp)
C:\Users\toor\Desktop\Geonew-source-main\DxDLLRender\Menu.h(55,45): error C2676: бинарный "+": "ImVec2" не определяет этот оператор или преобразование к типу приемлемо к встроенному оператору (компилируется исходный файл dllmain.cpp)
C:\Users\toor\Desktop\Geonew-source-main\DxDLLRender\Menu.h(55,123): error C2676: бинарный "+": "ImVec2" не определяет этот оператор или преобразование к типу приемлемо к встроенному оператору (компилируется исходный файл dllmain.cpp)
C:\Users\toor\Desktop\Geonew-source-main\DxDLLRender\Menu.h(153,35): error C2676: бинарный "+": "const ImVec2" не определяет этот оператор или преобразование к типу приемлемо к встроенному оператору (компилируется исходный файл dllmain.cpp)
C:\Users\toor\Desktop\Geonew-source-main\DxDLLRender\Menu.h(154,40): error C2676: бинарный "+": "const ImVec2" не определяет этот оператор или преобразование к типу приемлемо к встроенному оператору (компилируется исходный файл dllmain.cpp)
C:\Users\toor\Desktop\Geonew-source-main\DxDLLRender\Menu.h(154,75): error C2676: бинарный "-": "const ImVec2" не определяет этот оператор или преобразование к типу приемлемо к встроенному оператору (компилируется исходный файл dllmain.cpp)
C:\Users\toor\Desktop\Geonew-source-main\DxDLLRender\Menu.h(224,27): error C2676: бинарный "+": "ImVec2" не определяет этот оператор или преобразование к типу приемлемо к встроенному оператору (компилируется исходный файл dllmain.cpp)
C:\Users\toor\Desktop\Geonew-source-main\DxDLLRender\Menu.h(224,17): error C2665: "ImRect::ImRect": ни одна перегруженная функция не может преобразовать все типы аргументов (компилируется исходный файл dllmain.cpp)
C:\Users\toor\Desktop\Geonew-source-main\DxDLLRender\ImGUI\imgui_internal.h(696,1): message : может быть "ImRect::ImRect(ImRect &&)" (компилируется исходный файл dllmain.cpp)
C:\Users\toor\Desktop\Geonew-source-main\DxDLLRender\Menu.h(224,17): message : "ImRect::ImRect(ImRect &&)": невозможно преобразовать аргумент 1 из "ImVec2" в "ImRect &&" (компилируется исходный файл dllmain.cpp)
C:\Users\toor\Desktop\Geonew-source-main\DxDLLRender\Menu.h(224,18): message : Причина: невозможно преобразовать "ImVec2" в "ImRect" (компилируется исходный файл dllmain.cpp)
C:\Users\toor\Desktop\Geonew-source-main\DxDLLRender\Menu.h(224,18): message : Для выполнения данного преобразования нет доступного оператора преобразования, определенного пользователем, или вызов оператора невозможен (компилируется исходный файл dllmain.cpp)
C:\Users\toor\Desktop\Geonew-source-main\DxDLLRender\ImGUI\imgui_internal.h(696,1): message : или       "ImRect::ImRect(const ImRect &)" (компилируется исходный файл dllmain.cpp)
C:\Users\toor\Desktop\Geonew-source-main\DxDLLRender\Menu.h(224,17): message : "ImRect::ImRect(const ImRect &)": невозможно преобразовать аргумент 1 из "ImVec2" в "const ImRect &" (компилируется исходный файл dllmain.cpp)
C:\Users\toor\Desktop\Geonew-source-main\DxDLLRender\Menu.h(224,18): message : Причина: невозможно преобразовать "ImVec2" в "const ImRect" (компилируется исходный файл dllmain.cpp)
C:\Users\toor\Desktop\Geonew-source-main\DxDLLRender\Menu.h(224,18): message : Для выполнения данного преобразования нет доступного оператора преобразования, определенного пользователем, или вызов оператора невозможен (компилируется исходный файл dllmain.cpp)
C:\Users\toor\Desktop\Geonew-source-main\DxDLLRender\ImGUI\imgui_internal.h(671,5): message : или       "ImRect::ImRect(const ImVec4 &)" (компилируется исходный файл dllmain.cpp)
C:\Users\toor\Desktop\Geonew-source-main\DxDLLRender\Menu.h(224,17): message : "ImRect::ImRect(const ImVec4 &)": невозможно преобразовать аргумент 1 из "ImVec2" в "const ImVec4 &" (компилируется исходный файл dllmain.cpp)
C:\Users\toor\Desktop\Geonew-source-main\DxDLLRender\Menu.h(224,18): message : Причина: невозможно преобразовать "ImVec2" в "const ImVec4" (компилируется исходный файл dllmain.cpp)
C:\Users\toor\Desktop\Geonew-source-main\DxDLLRender\Menu.h(224,18): message : Для выполнения данного преобразования нет доступного оператора преобразования, определенного пользователем, или вызов оператора невозможен (компилируется исходный файл dllmain.cpp)
C:\Users\toor\Desktop\Geonew-source-main\DxDLLRender\Menu.h(224,17): message : при попытке сопоставить список аргументов "(ImVec2)" (компилируется исходный файл dllmain.cpp)
C:\Users\toor\Desktop\Geonew-source-main\DxDLLRender\Menu.h(889,45): error C2676: бинарный "/": "ImVec2" не определяет этот оператор или преобразование к типу приемлемо к встроенному оператору (компилируется исходный файл dllmain.cpp)
